[2017-12-26 15:32:34.221] [INFO] access - GET / 200 44 ms
[2017-12-26 15:32:34.265] [WARN] access - GET /stylesheets/bootstrap.min.css 304 8 ms
[2017-12-26 15:32:34.306] [WARN] access - GET /stylesheets/login.css 304 47 ms
[2017-12-26 15:32:34.402] [WARN] access - GET /javascripts/jquery.min.js 304 142 ms
[2017-12-26 15:32:34.444] [WARN] access - GET /javascripts/bootstrap.min.js 304 184 ms
[2017-12-26 15:32:34.456] [WARN] access - GET /javascripts/login.js 304 156 ms
[2017-12-26 15:50:20.264] [WARN] access - GET / 304 7 ms
[2017-12-26 15:50:20.310] [WARN] access - GET /stylesheets/bootstrap.min.css 304 8 ms
[2017-12-26 15:50:20.316] [WARN] access - GET /javascripts/jquery.min.js 304 12 ms
[2017-12-26 15:50:20.318] [WARN] access - GET /javascripts/bootstrap.min.js 304 14 ms
[2017-12-26 15:50:20.321] [WARN] access - GET /stylesheets/login.css 304 17 ms
[2017-12-26 15:50:20.325] [WARN] access - GET /javascripts/login.js 304 10 ms
[2017-12-26 15:51:21.145] [INFO] access - POST /login 200 46 ms
[2017-12-26 15:51:21.164] [INFO] access - GET / 200 3 ms
[2017-12-26 15:51:21.495] [INFO] access - GET /images/logo.png 200 1 ms
[2017-12-26 15:52:21.697] [INFO] access - GET / 200 43 ms
[2017-12-26 15:52:21.843] [WARN] access - GET /stylesheets/bootstrap.min.css 304 8 ms
[2017-12-26 15:52:21.998] [WARN] access - GET /stylesheets/login.css 304 163 ms
[2017-12-26 15:52:22.015] [WARN] access - GET /javascripts/jquery.min.js 304 177 ms
[2017-12-26 15:52:22.018] [WARN] access - GET /javascripts/bootstrap.min.js 304 180 ms
[2017-12-26 15:52:22.028] [WARN] access - GET /javascripts/login.js 304 190 ms
[2017-12-26 15:52:25.006] [INFO] access - POST /login 200 16 ms
[2017-12-26 15:52:25.031] [INFO] access - GET / 200 5 ms
[2017-12-26 15:52:25.391] [WARN] access - GET /images/logo.png 304 2 ms
[2017-12-26 15:54:31.232] [INFO] access - GET / 200 0 ms
[2017-12-26 15:54:31.265] [WARN] access - GET /images/logo.png 304 1 ms
[2017-12-26 15:55:22.239] [INFO] access - GET / 200 13 ms
